Arguments:
  /Users/himanshu/.nvm/versions/node/v10.19.0/bin/node /usr/local/Cellar/yarn/1.17.3/libexec/bin/yarn.js install

PATH:
  /Users/himanshu/.nvm/versions/node/v10.19.0/bin:/usr/local/bin:/usr/bin:/bin:/usr/sbin:/sbin:/usr/local/mongodb/bin

Yarn version:
  1.17.3

Node version:
  10.19.0

Platform:
  darwin x64

Trace:
  Error: https://registry.yarnpkg.com/babel%2fplugin-transform-typescript: Request "https://registry.yarnpkg.com/babel%2fplugin-transform-typescript" returned a 405
      at Request.params.callback [as _callback] (/usr/local/Cellar/yarn/1.17.3/libexec/lib/cli.js:66839:18)
      at Request.self.callback (/usr/local/Cellar/yarn/1.17.3/libexec/lib/cli.js:140464:22)
      at Request.emit (events.js:198:13)
      at Request.<anonymous> (/usr/local/Cellar/yarn/1.17.3/libexec/lib/cli.js:141436:10)
      at Request.emit (events.js:198:13)
      at IncomingMessage.<anonymous> (/usr/local/Cellar/yarn/1.17.3/libexec/lib/cli.js:141358:12)
      at Object.onceWrapper (events.js:286:20)
      at IncomingMessage.emit (events.js:203:15)
      at endReadableNT (_stream_readable.js:1145:12)
      at process._tickCallback (internal/process/next_tick.js:63:19)

npm manifest:
  {
    "name": "node-js-sample",
    "description": "A sample Node.js app using Express 4",
    "main": "index2.js",
    "scripts": {
      "build": "babel src/index.ts -d out"
    },
    "dependencies": {
      "@babel/preset-env": "^7.9.5"
    },
    "engines": {
      "node": "10"
    },
    "repository": {
      "type": "git",
      "url": "https://github.com/heroku/node-js-sample"
    },
    "author": "Mark Pundsack",
    "contributors": [
      "Zeke Sikelianos <zeke@sikelianos.com> (http://zeke.sikelianos.com)"
    ],
    "license": "MIT",
    "devDependencies": {
      "@babel/cli": "^7.8.4",
      "@babel/core": "^7.9.0",
      "babel/plugin-transform-typescript": "latest"
    }
  }

yarn manifest:
  No manifest

Lockfile:
  # THIS IS AN AUTOGENERATED FILE. DO NOT EDIT THIS FILE DIRECTLY.
  # yarn lockfile v1
